<?xml version="1.0" encoding="UTF-8"?>
<!-- Generated by org.testng.reporters.JUnitReportReporter -->
<testsuite hostname="DESKTOP-HBLIDDC" failures="0" tests="1" name="Tests.VerifySubscription2Test" time="5.980" errors="0" timestamp="2024-10-12T16:53:16 ART" skipped="0">
  <testcase classname="Tests.VerifySubscription2Test" name="VerifySubscription" time="5.980"/>
  <system-out/>
</testsuite> <!-- Tests.VerifySubscription2Test -->
