<?xml version="1.0" encoding="UTF-8"?>
<!-- Generated by org.testng.reporters.JUnitReportReporter -->
<testsuite hostname="DESKTOP-HBLIDDC" failures="0" tests="1" name="Tests.ViewBrandTest" time="10.119" errors="0" timestamp="2024-10-12T16:53:16 ART" skipped="0">
  <testcase classname="Tests.ViewBrandTest" name="AddProducts" time="10.119"/>
  <system-out/>
</testsuite> <!-- Tests.ViewBrandTest -->
