<?xml version="1.0" encoding="UTF-8"?>
<!-- Generated by org.testng.reporters.JUnitReportReporter -->
<testsuite hostname="DESKTOP-HBLIDDC" failures="0" tests="1" name="Tests.VerifyTestCasesTest" time="5.254" errors="0" timestamp="2024-10-12T16:53:16 ART" skipped="0">
  <testcase classname="Tests.VerifyTestCasesTest" name="VerifyTests" time="5.254"/>
  <system-out/>
</testsuite> <!-- Tests.VerifyTestCasesTest -->
