<?xml version="1.0" encoding="UTF-8"?>
<!-- Generated by org.testng.reporters.JUnitReportReporter -->
<testsuite hostname="DESKTOP-HBLIDDC" failures="0" tests="2" name="Tests.ErrorValidation" time="41.924" errors="0" timestamp="2024-09-21T12:08:51 ART" skipped="0">
  <testcase classname="Tests.ErrorValidation" name="LoginValidation" time="13.950"/>
  <system-out/>
  <testcase classname="Tests.ErrorValidation" name="ProductErrorValidation" time="27.974"/>
  <system-out/>
</testsuite> <!-- Tests.ErrorValidation -->
