<?xml version="1.0" encoding="UTF-8"?>
<!-- Generated by org.testng.reporters.JUnitReportReporter -->
<testsuite hostname="DESKTOP-HBLIDDC" failures="0" tests="3" name="Tests.SubmitOrderTest" time="81.390" errors="0" timestamp="2024-09-22T20:33:47 ART" skipped="0">
  <testcase classname="Tests.SubmitOrderTest" name="testSubmitOrder" time="33.082"/>
  <system-out/>
  <testcase classname="Tests.SubmitOrderTest" name="OrderHistory" time="17.823"/>
  <system-out/>
  <testcase classname="Tests.SubmitOrderTest" name="testSubmitOrder" time="30.485"/>
  <system-out/>
</testsuite> <!-- Tests.SubmitOrderTest -->
