<?xml version="1.0" encoding="UTF-8"?>
<!-- Generated by org.testng.reporters.JUnitReportReporter -->
<testsuite hostname="DESKTOP-HBLIDDC" failures="0" tests="1" name="Tests.RemoveProdCartTest" time="8.982" errors="0" timestamp="2024-10-12T16:53:16 ART" skipped="0">
  <testcase classname="Tests.RemoveProdCartTest" name="AddProducts" time="8.982"/>
  <system-out/>
</testsuite> <!-- Tests.RemoveProdCartTest -->
